1534651961474	geckodriver	INFO	Listening on 127.0.0.1:3835
1534651964865	mozprofile::profile	INFO	Using profile path C:\Users\HW_Su\AppData\Local\Temp\rust_mozprofile.vYd2e0In11SY
1534651964911	geckodriver::marionette	INFO	Starting browser C:\Program Files\Mozilla Firefox\firefox.exe with args []
1534651966116	geckodriver::marionette	INFO	Connecting to Marionette on localhost:3841
1534652052884	Marionette	INFO	Listening on port 3841
1534653811843	geckodriver	INFO	Listening on 127.0.0.1:4716
1534653814076	mozprofile::profile	INFO	Using profile path C:\Users\HW_Su\AppData\Local\Temp\rust_mozprofile.euRjdifwJHkl
1534653814082	geckodriver::marionette	INFO	Starting browser C:\Program Files\Mozilla Firefox\firefox.exe with args []
1534653814140	geckodriver::marionette	INFO	Connecting to Marionette on localhost:4723
1534653823542	Marionette	INFO	Listening on port 4723
1534653878931	geckodriver	INFO	Listening on 127.0.0.1:4769
1534653881129	mozprofile::profile	INFO	Using profile path C:\Users\HW_Su\AppData\Local\Temp\rust_mozprofile.f0EaJ1Y8FblO
1534653881134	geckodriver::marionette	INFO	Starting browser C:\Program Files\Mozilla Firefox\firefox.exe with args []
1534653881232	geckodriver::marionette	INFO	Connecting to Marionette on localhost:4775
1534653885214	Marionette	INFO	Listening on port 4775
JavaScript warning: resource://gre/modules/commonjs/toolkit/loader.js -> resource://gre/modules/commonjs/sdk/system/environment.js, line 15: Proxy.create and Proxy.createFunction are deprecated, use new Proxy instead
console.warn: Asynchronous operation was aborted as selection changed.
1534653968093	geckodriver	INFO	Listening on 127.0.0.1:4828
1534653970146	mozprofile::profile	INFO	Using profile path C:\Users\HW_Su\AppData\Local\Temp\rust_mozprofile.FsWyYoKmVqzT
1534653970151	geckodriver::marionette	INFO	Starting browser C:\Program Files\Mozilla Firefox\firefox.exe with args []
1534653970215	geckodriver::marionette	INFO	Connecting to Marionette on localhost:4834
1534653973629	Marionette	INFO	Listening on port 4834
1534654026776	geckodriver	INFO	Listening on 127.0.0.1:4876
1534654028825	mozprofile::profile	INFO	Using profile path C:\Users\HW_Su\AppData\Local\Temp\rust_mozprofile.xMvkPfu1ECGS
1534654028831	geckodriver::marionette	INFO	Starting browser C:\Program Files\Mozilla Firefox\firefox.exe with args []
1534654028844	geckodriver::marionette	INFO	Connecting to Marionette on localhost:4882
1534654033512	Marionette	INFO	Listening on port 4882
1534670139667	geckodriver	INFO	Listening on 127.0.0.1:9090
1534670141917	mozprofile::profile	INFO	Using profile path C:\Users\HW_Su\AppData\Local\Temp\rust_mozprofile.uAFFG81GbaXd
1534670141917	geckodriver::marionette	INFO	Starting browser C:\Program Files\Mozilla Firefox\firefox.exe with args []
1534670141980	geckodriver::marionette	INFO	Connecting to Marionette on localhost:9096
1534670150818	Marionette	INFO	Listening on port 9096
JavaScript error: https://ss1.bdstatic.com/5eN1bjq8AAUYm2zgoY3K/r/www/cache/static/protocol/https/plugins/every_cookie_4644b13.js, line 4: ReferenceError: c is not defined
1534670234771	addons.productaddons	WARN	Failed downloading via XHR, status: 0, reason: error
1534670441320	geckodriver	INFO	Listening on 127.0.0.1:9642
1534670443398	mozprofile::profile	INFO	Using profile path C:\Users\HW_Su\AppData\Local\Temp\rust_mozprofile.XzKX56dH5rA6
1534670443414	geckodriver::marionette	INFO	Starting browser C:\Program Files\Mozilla Firefox\firefox.exe with args []
1534670443414	geckodriver::marionette	INFO	Connecting to Marionette on localhost:9648
1534670444956	Marionette	INFO	Listening on port 9648
JavaScript warning: resource://gre/modules/commonjs/toolkit/loader.js -> resource://gre/modules/commonjs/sdk/system/environment.js, line 15: Proxy.create and Proxy.createFunction are deprecated, use new Proxy instead
console.warn: Asynchronous operation was aborted as selection changed.
JavaScript error: https://ss1.bdstatic.com/5eN1bjq8AAUYm2zgoY3K/r/www/cache/static/protocol/https/plugins/every_cookie_4644b13.js, line 4: ReferenceError: c is not defined
JavaScript warning: https://iknowpc.bdimg.com/static/common/pkg/lib.33719ed.js, line 50: mutating the [[Prototype]] of an object will cause your code to run very slowly; instead create the object with the correct initial [[Prototype]] value using Object.create
JavaScript warning: http://www.360doc.com/js/jquery1.js, line 1: unreachable code after return statement
JavaScript warning: http://www.360doc.com/js/jquery1.js, line 1: unreachable code after return statement
JavaScript warning: http://pos.baidu.com/ycnm?conwid=200&conhei=90&rdid=2898860&dc=3&di=u2898860&dri=0&dis=1&dai=2&ps=1310x134&enu=encoding&dcb=___adblockplus&dtm=HTML_POST&dvi=0.0&dci=-1&dpt=none&tsr=0&tpr=1534670692159&ti=%E7%81%AB%E7%8B%90%E7%BD%91%E9%A1%B5%E6%89%93%E5%BC%80%E4%B8%BA%E4%BB%80%E4%B9%88%E9%82%A3%E4%B9%88%E6%85%A2&ari=2&dbv=0&drs=1&pcs=1349x698&pss=1349x2187&cfv=0&cpl=0&chi=1&cce=true&cec=UTF-8&tlm=1487662299&rw=320&ltu=http%3A%2F%2Fwww.360doc.com%2Fcontent%2F17%2F0202%2F15%2F43486_626004509.shtml&liu=http%3A%2F%2Fwww.360doc.com%2Fad%2Funderad.html%3Ft%3D2017022201&ltr=https%3A%2F%2Fwww.baidu.com%2Flink%3Furl%3DZYr3st0Kj2-w06tOlvVjHfhKsDALpafCUvDEyx24-oyWRLEM0CSv-idCBLGgDhNmbzrfjiB3ruAs3wabnY_jj1Pdv63CxcF1jDp5WNoOVsK%26wd%3D%26eqid%3Da76c403a00019258000000065b79373e&ecd=1&uc=1366x768&pis=676x100&sr=1366x768&tcn=1534670692&qn=3e4076bdabedd7f4&tt=1534670692248.32.214.218, line 119: unreachable code after return statement
JavaScript warning: http://pos.baidu.com/ycnm?conwid=200&conhei=90&rdid=2898860&dc=3&di=u2898860&dri=0&dis=1&dai=2&ps=1310x134&enu=encoding&dcb=___adblockplus&dtm=HTML_POST&dvi=0.0&dci=-1&dpt=none&tsr=0&tpr=1534670692159&ti=%E7%81%AB%E7%8B%90%E7%BD%91%E9%A1%B5%E6%89%93%E5%BC%80%E4%B8%BA%E4%BB%80%E4%B9%88%E9%82%A3%E4%B9%88%E6%85%A2&ari=2&dbv=0&drs=1&pcs=1349x698&pss=1349x2187&cfv=0&cpl=0&chi=1&cce=true&cec=UTF-8&tlm=1487662299&rw=320&ltu=http%3A%2F%2Fwww.360doc.com%2Fcontent%2F17%2F0202%2F15%2F43486_626004509.shtml&liu=http%3A%2F%2Fwww.360doc.com%2Fad%2Funderad.html%3Ft%3D2017022201&ltr=https%3A%2F%2Fwww.baidu.com%2Flink%3Furl%3DZYr3st0Kj2-w06tOlvVjHfhKsDALpafCUvDEyx24-oyWRLEM0CSv-idCBLGgDhNmbzrfjiB3ruAs3wabnY_jj1Pdv63CxcF1jDp5WNoOVsK%26wd%3D%26eqid%3Da76c403a00019258000000065b79373e&ecd=1&uc=1366x768&pis=676x100&sr=1366x768&tcn=1534670692&qn=3e4076bdabedd7f4&tt=1534670692248.32.214.218, line 119: unreachable code after return statement
JavaScript error: resource://gre/modules/commonjs/toolkit/loader.js -> resource://devtools/server/actors/inspector.js, line 1367: NS_ERROR_XPC_BAD_CONVERT_NATIVE: 

###!!! [Parent][OnMaybeDequeueOne] Error: Channel closing: too late to send/recv, messages will be lost

1534670841142	geckodriver	INFO	Listening on 127.0.0.1:9974
1534670843220	mozprofile::profile	INFO	Using profile path C:\Users\HW_Su\AppData\Local\Temp\rust_mozprofile.M9gV86rOEiBD
1534670843235	geckodriver::marionette	INFO	Starting browser C:\Program Files\Mozilla Firefox\firefox.exe with args []
1534670843235	geckodriver::marionette	INFO	Connecting to Marionette on localhost:9980
1534670845200	Marionette	INFO	Listening on port 9980
1534670864572	geckodriver	INFO	Listening on 127.0.0.1:10052
1534670866650	mozprofile::profile	INFO	Using profile path C:\Users\HW_Su\AppData\Local\Temp\rust_mozprofile.HU8akYWrYdbn
1534670866650	geckodriver::marionette	INFO	Starting browser C:\Program Files\Mozilla Firefox\firefox.exe with args []
1534670866665	geckodriver::marionette	INFO	Connecting to Marionette on localhost:10058
1534670868037	Marionette	INFO	Listening on port 10058
JavaScript warning: resource://gre/modules/commonjs/toolkit/loader.js -> resource://gre/modules/commonjs/sdk/system/environment.js, line 15: Proxy.create and Proxy.createFunction are deprecated, use new Proxy instead
console.warn: Asynchronous operation was aborted as selection changed.
JavaScript error: , line 0: InvalidStateError: An attempt was made to use an object that is not, or is no longer, usable
JavaScript error: , line 0: InvalidStateError: An attempt was made to use an object that is not, or is no longer, usable
JavaScript error: https://ss1.bdstatic.com/5eN1bjq8AAUYm2zgoY3K/r/www/cache/static/protocol/https/plugins/every_cookie_4644b13.js, line 4: ReferenceError: c is not defined
JavaScript error: https://www.cnblogs.com/bundles/blog-common.js?v=M03aVfZ8QFd-WbinG9a-QXWifrkNB2YI5lN9M8cSzzg1, line 1: ReferenceError: $ is not defined
JavaScript error: https://www.cnblogs.com/bundles/blog-common.js?v=M03aVfZ8QFd-WbinG9a-QXWifrkNB2YI5lN9M8cSzzg1, line 1: ReferenceError: $ is not defined
JavaScript error: https://www.cnblogs.com/bundles/blog-common.js?v=M03aVfZ8QFd-WbinG9a-QXWifrkNB2YI5lN9M8cSzzg1, line 1: ReferenceError: $ is not defined
JavaScript error: https://www.cnblogs.com/bundles/blog-common.js?v=M03aVfZ8QFd-WbinG9a-QXWifrkNB2YI5lN9M8cSzzg1, line 1: ReferenceError: $ is not defined
JavaScript error: https://www.cnblogs.com/bundles/blog-common.js?v=M03aVfZ8QFd-WbinG9a-QXWifrkNB2YI5lN9M8cSzzg1, line 1: ReferenceError: $ is not defined
JavaScript error: https://www.cnblogs.com/bundles/blog-common.js?v=M03aVfZ8QFd-WbinG9a-QXWifrkNB2YI5lN9M8cSzzg1, line 1: ReferenceError: $ is not defined
JavaScript error: https://www.cnblogs.com/bundles/blog-common.js?v=M03aVfZ8QFd-WbinG9a-QXWifrkNB2YI5lN9M8cSzzg1, line 1: ReferenceError: $ is not defined
JavaScript error: https://files.cnblogs.com/files/TankXiao/TankPageFooter.js, line 1: SyntaxError: expected expression, got '<'
1534671026204	geckodriver	INFO	Listening on 127.0.0.1:10143
1534671028280	mozprofile::profile	INFO	Using profile path C:\Users\HW_Su\AppData\Local\Temp\rust_mozprofile.QU9htG6r5q6e
1534671028284	geckodriver::marionette	INFO	Starting browser C:\Program Files\Mozilla Firefox\firefox.exe with args []
1534671028294	geckodriver::marionette	INFO	Connecting to Marionette on localhost:10149
1534671029870	Marionette	INFO	Listening on port 10149
1534671051849	geckodriver	INFO	Listening on 127.0.0.1:10180
1534671053927	mozprofile::profile	INFO	Using profile path C:\Users\HW_Su\AppData\Local\Temp\rust_mozprofile.z34rWXBYgM6r
1534671053927	geckodriver::marionette	INFO	Starting browser C:\Program Files\Mozilla Firefox\firefox.exe with args []
1534671053942	geckodriver::marionette	INFO	Connecting to Marionette on localhost:10186
1534671055886	Marionette	INFO	Listening on port 10186
JavaScript error: https://ss1.bdstatic.com/5eN1bjq8AAUYm2zgoY3K/r/www/cache/static/protocol/https/plugins/every_cookie_4644b13.js, line 4: ReferenceError: c is not defined
1534671109437	geckodriver	INFO	Listening on 127.0.0.1:10247
1534671111530	mozprofile::profile	INFO	Using profile path C:\Users\HW_Su\AppData\Local\Temp\rust_mozprofile.bbHBXKada9bY
1534671111546	geckodriver::marionette	INFO	Starting browser C:\Program Files\Mozilla Firefox\firefox.exe with args []
1534671111546	geckodriver::marionette	INFO	Connecting to Marionette on localhost:10253
1534671112965	Marionette	INFO	Listening on port 10253
1534671139887	geckodriver	INFO	Listening on 127.0.0.1:10283
1534671141949	mozprofile::profile	INFO	Using profile path C:\Users\HW_Su\AppData\Local\Temp\rust_mozprofile.qGDHQofMlAua
1534671141949	geckodriver::marionette	INFO	Starting browser C:\Program Files\Mozilla Firefox\firefox.exe with args []
1534671141965	geckodriver::marionette	INFO	Connecting to Marionette on localhost:10289
1534671143295	Marionette	INFO	Listening on port 10289
1534671196691	geckodriver	INFO	Listening on 127.0.0.1:10322
1534671198801	mozprofile::profile	INFO	Using profile path C:\Users\HW_Su\AppData\Local\Temp\rust_mozprofile.0rRjrFG97WTA
1534671198801	geckodriver::marionette	INFO	Starting browser C:\Program Files\Mozilla Firefox\firefox.exe with args []
1534671198816	geckodriver::marionette	INFO	Connecting to Marionette on localhost:10328
1534671200161	Marionette	INFO	Listening on port 10328
JavaScript warning: resource://gre/modules/commonjs/toolkit/loader.js -> resource://gre/modules/commonjs/sdk/system/environment.js, line 15: Proxy.create and Proxy.createFunction are deprecated, use new Proxy instead
console.warn: Asynchronous operation was aborted as selection changed.
JavaScript error: https://ss1.bdstatic.com/5eN1bjq8AAUYm2zgoY3K/r/www/cache/static/protocol/https/plugins/every_cookie_4644b13.js, line 4: ReferenceError: c is not defined
JavaScript warning: https://csdnimg.cn/public/common/libs/jquery/jquery-1.9.1.min.js, line 1: Using //@ to indicate sourceMappingURL pragmas is deprecated. Use //# instead
JavaScript warning: https://csdnimg.cn/rabbit/exposure-click/main-1.0.6.js, line 556: unreachable code after return statement
JavaScript warning: https://csdnimg.cn/rabbit/exposure-click/main-1.0.6.js, line 556: unreachable code after return statement
JavaScript warning: https://pos.baidu.com/s?hei=36&wid=760&di=u3478343&ltu=https%3A%2F%2Fblog.csdn.net%2Fhuiseqiutian%2Farticle%2Fdetails%2F73739707&pss=1349x2929&dai=6&chi=1&cja=false&col=zh-CN&ltr=https%3A%2F%2Fwww.baidu.com%2Flink%3Furl%3DAdsDD8PLEvz0aWtCCp3ZwGBeGwjNQMtfoS9M2Gz0QCEusOx5AIygVbWBhiQ4FqD4gPMhU_VbwXztqVk7GhPnRkTBIOqTAd_dakwBQ0bhZk_%26wd%3D%26eqid%3Dbc357b6400017c97000000065b79399c&pis=-1x-1&cdo=-1&tcn=1534671269&psr=1366x768&pcs=1349x698&prot=2&exps=111000&dri=0&dtm=HTML_POST&tpr=1534671268623&tlm=1534671269&ccd=24&cce=true&par=1366x768&ari=2&ant=0&dc=3&cmi=0&cec=UTF-8&drs=1&ps=649x70&cpl=0&ti=python%20selenium%20xpath%E5%AE%9A%E4%BD%8D%E6%96%B9%E5%BC%8F%20-%20CSDN%E5%8D%9A%E5%AE%A2&dis=0&cfv=0, line 119: unreachable code after return statement
JavaScript warning: https://pos.baidu.com/s?hei=36&wid=760&di=u3478343&ltu=https%3A%2F%2Fblog.csdn.net%2Fhuiseqiutian%2Farticle%2Fdetails%2F73739707&pss=1349x2929&dai=6&chi=1&cja=false&col=zh-CN&ltr=https%3A%2F%2Fwww.baidu.com%2Flink%3Furl%3DAdsDD8PLEvz0aWtCCp3ZwGBeGwjNQMtfoS9M2Gz0QCEusOx5AIygVbWBhiQ4FqD4gPMhU_VbwXztqVk7GhPnRkTBIOqTAd_dakwBQ0bhZk_%26wd%3D%26eqid%3Dbc357b6400017c97000000065b79399c&pis=-1x-1&cdo=-1&tcn=1534671269&psr=1366x768&pcs=1349x698&prot=2&exps=111000&dri=0&dtm=HTML_POST&tpr=1534671268623&tlm=1534671269&ccd=24&cce=true&par=1366x768&ari=2&ant=0&dc=3&cmi=0&cec=UTF-8&drs=1&ps=649x70&cpl=0&ti=python%20selenium%20xpath%E5%AE%9A%E4%BD%8D%E6%96%B9%E5%BC%8F%20-%20CSDN%E5%8D%9A%E5%AE%A2&dis=0&cfv=0, line 119: unreachable code after return statement
JavaScript error: https://cpro.baidustatic.com/cpro/ui/noexpire/js/4.0.0/adClosefeedbackUpgrade.min.js, line 1: TypeError: g is null
JavaScript warning: https://s2.ssl.qhres.com/static/326681bdb97cce7c.js, line 1: mutating the [[Prototype]] of an object will cause your code to run very slowly; instead create the object with the correct initial [[Prototype]] value using Object.create
1534671347455	geckodriver	INFO	Listening on 127.0.0.1:10572
1534671349549	mozprofile::profile	INFO	Using profile path C:\Users\HW_Su\AppData\Local\Temp\rust_mozprofile.SYUwEW4d08io
1534671349549	geckodriver::marionette	INFO	Starting browser C:\Program Files\Mozilla Firefox\firefox.exe with args []
1534671349564	geckodriver::marionette	INFO	Connecting to Marionette on localhost:10578
1534671352044	Marionette	INFO	Listening on port 10578
1534671377185	geckodriver	INFO	Listening on 127.0.0.1:10619
1534671379294	mozprofile::profile	INFO	Using profile path C:\Users\HW_Su\AppData\Local\Temp\rust_mozprofile.mnSWS2DTWHWj
1534671379294	geckodriver::marionette	INFO	Starting browser C:\Program Files\Mozilla Firefox\firefox.exe with args []
1534671379310	geckodriver::marionette	INFO	Connecting to Marionette on localhost:10626
1534671381437	Marionette	INFO	Listening on port 10626
JavaScript error: chrome://marionette/content/listener.js, line 1092: TypeError: can't access dead object
1534671442249	geckodriver	INFO	Listening on 127.0.0.1:10680
1534671444342	mozprofile::profile	INFO	Using profile path C:\Users\HW_Su\AppData\Local\Temp\rust_mozprofile.6MdhLKQAXvWf
1534671444358	geckodriver::marionette	INFO	Starting browser C:\Program Files\Mozilla Firefox\firefox.exe with args []
1534671444358	geckodriver::marionette	INFO	Connecting to Marionette on localhost:10686
1534671445907	Marionette	INFO	Listening on port 10686
1534671642622	geckodriver	INFO	Listening on 127.0.0.1:10829
1534671644716	mozprofile::profile	INFO	Using profile path C:\Users\HW_Su\AppData\Local\Temp\rust_mozprofile.8ckdDPezJan9
1534671644716	geckodriver::marionette	INFO	Starting browser C:\Program Files\Mozilla Firefox\firefox.exe with args []
1534671644732	geckodriver::marionette	INFO	Connecting to Marionette on localhost:10835
1534671646284	Marionette	INFO	Listening on port 10835
1534671679835	geckodriver	INFO	Listening on 127.0.0.1:10868
1534671681835	mozprofile::profile	INFO	Using profile path C:\Users\HW_Su\AppData\Local\Temp\rust_mozprofile.HZZV9hUhexEd
1534671681835	geckodriver::marionette	INFO	Starting browser C:\Program Files\Mozilla Firefox\firefox.exe with args []
1534671681851	geckodriver::marionette	INFO	Connecting to Marionette on localhost:10874
1534671683510	Marionette	INFO	Listening on port 10874
1534681040204	geckodriver	INFO	Listening on 127.0.0.1:17236
1534681042423	mozprofile::profile	INFO	Using profile path C:\Users\HW_Su\AppData\Local\Temp\rust_mozprofile.TXTOTAjc38Uc
1534681042439	geckodriver::marionette	INFO	Starting browser C:\Program Files\Mozilla Firefox\firefox.exe with args []
1534681042486	geckodriver::marionette	INFO	Connecting to Marionette on localhost:17242
1534681047532	Marionette	INFO	Listening on port 17242
1534759032892	geckodriver	INFO	Listening on 127.0.0.1:15991
1534759035326	mozprofile::profile	INFO	Using profile path C:\Users\HW_Su\AppData\Local\Temp\rust_mozprofile.SVUgeRo1vbjk
1534759035331	geckodriver::marionette	INFO	Starting browser C:\Program Files\Mozilla Firefox\firefox.exe with args []
1534759035401	geckodriver::marionette	INFO	Connecting to Marionette on localhost:15997
1534759053245	Marionette	INFO	Listening on port 15997
1534764678856	geckodriver	INFO	Listening on 127.0.0.1:3667
1534764681106	mozprofile::profile	INFO	Using profile path C:\Users\HW_Su\AppData\Local\Temp\rust_mozprofile.KD1CSHsjptE8
1534764681106	geckodriver::marionette	INFO	Starting browser C:\Program Files\Mozilla Firefox\firefox.exe with args []
1534764681168	geckodriver::marionette	INFO	Connecting to Marionette on localhost:3673
1534764686712	Marionette	INFO	Listening on port 3673
1534764718850	geckodriver	INFO	Listening on 127.0.0.1:3730
1534764720913	mozprofile::profile	INFO	Using profile path C:\Users\HW_Su\AppData\Local\Temp\rust_mozprofile.ahJr7AdGxcTv
1534764720928	geckodriver::marionette	INFO	Starting browser C:\Program Files\Mozilla Firefox\firefox.exe with args []
1534764720928	geckodriver::marionette	INFO	Connecting to Marionette on localhost:3736
1534764723182	Marionette	INFO	Listening on port 3736
1534764737197	geckodriver	INFO	Listening on 127.0.0.1:3781
1534764739291	mozprofile::profile	INFO	Using profile path C:\Users\HW_Su\AppData\Local\Temp\rust_mozprofile.FR0ejktvfkz3
1534764739291	geckodriver::marionette	INFO	Starting browser C:\Program Files\Mozilla Firefox\firefox.exe with args []
1534764739291	geckodriver::marionette	INFO	Connecting to Marionette on localhost:3787
1534764741252	Marionette	INFO	Listening on port 3787
